<?xml version="1.0" encoding="UTF-8"?>
<robot generator="Robot 7.3.2 (Python 3.14.0 on win32)" generated="2025-11-11T11:38:58.437806" rpa="false" schemaversion="5">
<suite id="s1" name="Teste" source="C:\QAzando\RobotFramework\TESTEROBOT\teste.robot">
<test id="s1-t1" name="Cenário 1: Acessando o site da QAZANDO" line="38">
<kw name="Acessar Site da qazando">
<kw name="Open Browser" owner="SeleniumLibrary">
<msg time="2025-11-11T11:38:58.595780" level="INFO">Opening browser 'chrome' to base url 'https://automationpratice.com.br/'.</msg>
<arg>https://automationpratice.com.br/</arg>
<arg>chrome</arg>
<doc>Opens a new browser instance to the optional ``url``.</doc>
<status status="PASS" start="2025-11-11T11:38:58.595595" elapsed="2.001072"/>
</kw>
<status status="PASS" start="2025-11-11T11:38:58.595008" elapsed="2.001807"/>
</kw>
<kw name="Aguardar site carregar">
<kw name="Sleep" owner="BuiltIn">
<msg time="2025-11-11T11:39:05.598262" level="INFO">Slept 5 seconds.</msg>
<arg>5s</arg>
<doc>Pauses the test executed for the given time.</doc>
<status status="PASS" start="2025-11-11T11:39:00.597446" elapsed="5.000962"/>
</kw>
<status status="PASS" start="2025-11-11T11:39:00.597128" elapsed="5.001420"/>
</kw>
<kw name="Clicar sobre o botao login">
<kw name="Click Element" owner="SeleniumLibrary">
<msg time="2025-11-11T11:39:05.599403" level="INFO">Clicking element 'xpath://a[@href='/login']'.</msg>
<arg>xpath://a[@href='/login']</arg>
<doc>Click the element identified by ``locator``.</doc>
<status status="PASS" start="2025-11-11T11:39:05.599130" elapsed="0.065211"/>
</kw>
<status status="PASS" start="2025-11-11T11:39:05.598883" elapsed="0.065564"/>
</kw>
<kw name="Aguardar site carregar">
<kw name="Sleep" owner="BuiltIn">
<msg time="2025-11-11T11:39:10.665741" level="INFO">Slept 5 seconds.</msg>
<arg>5s</arg>
<doc>Pauses the test executed for the given time.</doc>
<status status="PASS" start="2025-11-11T11:39:05.665075" elapsed="5.000949"/>
</kw>
<status status="PASS" start="2025-11-11T11:39:05.664780" elapsed="5.001543"/>
</kw>
<kw name="Digitar email">
<kw name="Input Text" owner="SeleniumLibrary">
<msg time="2025-11-11T11:39:10.669031" level="INFO">Typing text 'qazando@teste.com' into text field 'id:user'.</msg>
<arg>id:user</arg>
<arg>qazando@teste.com</arg>
<doc>Types the given ``text`` into the text field identified by ``locator``.</doc>
<status status="PASS" start="2025-11-11T11:39:10.668426" elapsed="0.103324"/>
</kw>
<status status="PASS" start="2025-11-11T11:39:10.667474" elapsed="0.104417"/>
</kw>
<kw name="Digitar senha">
<kw name="Input Text" owner="SeleniumLibrary">
<msg time="2025-11-11T11:39:10.772773" level="INFO">Typing text '123456' into text field 'id:password'.</msg>
<arg>id:password</arg>
<arg>123456</arg>
<doc>Types the given ``text`` into the text field identified by ``locator``.</doc>
<status status="PASS" start="2025-11-11T11:39:10.772562" elapsed="0.056475"/>
</kw>
<status status="PASS" start="2025-11-11T11:39:10.772250" elapsed="0.056893"/>
</kw>
<kw name="Aguardar site carregar">
<kw name="Sleep" owner="BuiltIn">
<msg time="2025-11-11T11:39:15.830317" level="INFO">Slept 5 seconds.</msg>
<arg>5s</arg>
<doc>Pauses the test executed for the given time.</doc>
<status status="PASS" start="2025-11-11T11:39:10.829721" elapsed="5.000696"/>
</kw>
<status status="PASS" start="2025-11-11T11:39:10.829413" elapsed="5.001116"/>
</kw>
<kw name="Clicar em logar">
<kw name="Click Element" owner="SeleniumLibrary">
<msg time="2025-11-11T11:39:15.831254" level="INFO">Clicking element 'id:btnLogin'.</msg>
<arg>id:btnLogin</arg>
<doc>Click the element identified by ``locator``.</doc>
<status status="PASS" start="2025-11-11T11:39:15.831114" elapsed="0.063459"/>
</kw>
<status status="PASS" start="2025-11-11T11:39:15.830899" elapsed="0.063777"/>
</kw>
<kw name="Aguardar site carregar">
<kw name="Sleep" owner="BuiltIn">
<msg time="2025-11-11T11:39:20.895764" level="INFO">Slept 5 seconds.</msg>
<arg>5s</arg>
<doc>Pauses the test executed for the given time.</doc>
<status status="PASS" start="2025-11-11T11:39:15.895410" elapsed="5.000452"/>
</kw>
<status status="PASS" start="2025-11-11T11:39:15.895105" elapsed="5.000838"/>
</kw>
<status status="PASS" start="2025-11-11T11:38:58.594389" elapsed="22.302044"/>
</test>
<status status="PASS" start="2025-11-11T11:38:58.438931" elapsed="22.458106"/>
</suite>
<statistics>
<total>
<stat pass="1" fail="0" skip="0">All Tests</stat>
</total>
<tag>
</tag>
<suite>
<stat name="Teste" id="s1" pass="1" fail="0" skip="0">Teste</stat>
</suite>
</statistics>
<errors>
</errors>
</robot>
