<?xml version="1.0" encoding="UTF-8"?>
<robot generator="Robot 7.3.2 (Python 3.14.0 on win32)" generated="2025-11-12T17:02:26.518438" rpa="false" schemaversion="5">
<suite id="s1" name="Teste" source="C:\QAzando\RobotFramework\TESTEROBOT\teste.robot">
<test id="s1-t1" name="Cenário 1: Acessando o site da QAZANDO" line="36">
<kw name="Acessar Site da qazando">
<kw name="Open Browser" owner="SeleniumLibrary">
<msg time="2025-11-12T17:02:26.677096" level="INFO">Opening browser 'chrome' to base url 'https://www.automationpratice.com.br/'.</msg>
<arg>${SITE_URL}</arg>
<arg>chrome</arg>
<doc>Opens a new browser instance to the optional ``url``.</doc>
<status status="PASS" start="2025-11-12T17:02:26.676889" elapsed="1.928843"/>
</kw>
<status status="PASS" start="2025-11-12T17:02:26.676313" elapsed="1.929782"/>
</kw>
<kw name="Aguardar site carregar">
<kw name="Sleep" owner="BuiltIn">
<msg time="2025-11-12T17:02:31.608046" level="INFO">Slept 3 seconds.</msg>
<arg>3s</arg>
<doc>Pauses the test executed for the given time.</doc>
<status status="PASS" start="2025-11-12T17:02:28.606908" elapsed="3.001557"/>
</kw>
<status status="PASS" start="2025-11-12T17:02:28.606487" elapsed="3.002349"/>
</kw>
<kw name="Clicar sobre o botao login">
<kw name="Click Element" owner="SeleniumLibrary">
<msg time="2025-11-12T17:02:31.612227" level="INFO">Clicking element 'xpath://a[@href='/login']'.</msg>
<arg>xpath://a[@href='/login']</arg>
<doc>Click the element identified by ``locator``.</doc>
<status status="PASS" start="2025-11-12T17:02:31.611052" elapsed="0.102427"/>
</kw>
<status status="PASS" start="2025-11-12T17:02:31.609942" elapsed="0.103708"/>
</kw>
<kw name="Aguardar site carregar">
<kw name="Sleep" owner="BuiltIn">
<msg time="2025-11-12T17:02:34.715845" level="INFO">Slept 3 seconds.</msg>
<arg>3s</arg>
<doc>Pauses the test executed for the given time.</doc>
<status status="PASS" start="2025-11-12T17:02:31.714357" elapsed="3.001883"/>
</kw>
<status status="PASS" start="2025-11-12T17:02:31.713992" elapsed="3.002638"/>
</kw>
<kw name="Digitar email">
<kw name="Input Text" owner="SeleniumLibrary">
<msg time="2025-11-12T17:02:34.719467" level="INFO">Typing text 'qazando@teste.com' into text field 'id:user'.</msg>
<msg time="2025-11-12T17:02:34.811830" level="INFO" html="true">&lt;/td&gt;&lt;/tr&gt;&lt;tr&gt;&lt;td colspan="3"&gt;&lt;a href="selenium-screenshot-4.png"&gt;&lt;img src="selenium-screenshot-4.png" width="800px"&gt;&lt;/a&gt;</msg>
<msg time="2025-11-12T17:02:34.812109" level="FAIL">Element with locator 'id:user' not found.</msg>
<arg>id:user</arg>
<arg>${USUARIO_EMAIL}</arg>
<doc>Types the given ``text`` into the text field identified by ``locator``.</doc>
<status status="FAIL" start="2025-11-12T17:02:34.718618" elapsed="0.110706">Element with locator 'id:user' not found.</status>
</kw>
<status status="FAIL" start="2025-11-12T17:02:34.717691" elapsed="0.111800">Element with locator 'id:user' not found.</status>
</kw>
<kw name="Digitar senha">
<status status="NOT RUN" start="2025-11-12T17:02:34.829842" elapsed="0.000038"/>
</kw>
<kw name="Aguardar site carregar">
<status status="NOT RUN" start="2025-11-12T17:02:34.830120" elapsed="0.000032"/>
</kw>
<kw name="Clicar em logar">
<status status="NOT RUN" start="2025-11-12T17:02:34.830376" elapsed="0.000029"/>
</kw>
<kw name="Aguardar site carregar">
<status status="NOT RUN" start="2025-11-12T17:02:34.830641" elapsed="0.000030"/>
</kw>
<status status="FAIL" start="2025-11-12T17:02:26.675715" elapsed="8.155466">Element with locator 'id:user' not found.</status>
</test>
<status status="FAIL" start="2025-11-12T17:02:26.520304" elapsed="8.311666"/>
</suite>
<statistics>
<total>
<stat pass="0" fail="1" skip="0">All Tests</stat>
</total>
<tag>
</tag>
<suite>
<stat name="Teste" id="s1" pass="0" fail="1" skip="0">Teste</stat>
</suite>
</statistics>
<errors>
</errors>
</robot>
